[2022-03-24 18:28:28] [info] Start Program:
Path:"D:\Projects\C++ projects\VS 2022\OOP\laborator5--memory_leaks-Andra\laborator2-4\laborator2-4\x64\Debug\laborator2-4.exe"
Arguments:
Working directory: "D:\Projects\C++ projects\VS 2022\OOP\laborator5--memory_leaks-Andra\laborator2-4\laborator2-4\laborator2-4\"
Modules: Selected: D:\Projects\C++ projects\VS 2022\OOP\laborator5--memory_leaks-Andra\laborator2-4\laborator2-4\x64\Debug\laborator2-4.exe Excluded: 
Sources: Selected: D:\Projects\C++ projects\VS 2022\OOP\laborator5--memory_leaks-Andra\laborator2-4\laborator2-4\laborator2-4 Excluded: 
Log Level: Normal
Cover Children: 0
Aggregate by file: 1
Continue after C++ exception: 0
Optimized build support: 0
Export: Binary C:\Users\Ovi\AppData\Local\Temp\i5ksxv3s.qxq 
Input coverage: 
Unified diff: 
Excluded line regular expressions: 
Substitute pdb source paths: 

[2022-03-24 18:28:28] [info] Module: D:\Projects\C++ projects\VS 2022\OOP\laborator5--memory_leaks-Andra\laborator2-4\laborator2-4\x64\Debug\laborator2-4.exe is selected because it matches selected pattern: D:\Projects\C++ projects\VS 2022\OOP\laborator5--memory_leaks-Andra\laborator2-4\laborator2-4\x64\Debug\laborator2-4.exe
[2022-03-24 18:28:28] [info] ----------------------------------------------------
[2022-03-24 18:28:28] [info] Coverage binary generated in file: C:\Users\Ovi\AppData\Local\Temp\i5ksxv3s.qxq
[2022-03-24 18:28:28] [info] ----------------------------------------------------
